<?xml version="1.0" encoding="UTF-8"?>
<!-- Generated by org.testng.reporters.JUnitXMLReporter -->
<testsuite ignored="0" hostname="LAPTOP-7QQ08I2C" failures="0" tests="6" name="All Tests" time="5.226" errors="0" timestamp="2026-05-05T20:49:49 IST">
  <testcase classname="Tests.DeleteUserTest" name="deleteUser" time="2.026"/>
  <testcase classname="Tests.GenericResourceTest" name="getGenericResource" time="2.788"/>
  <testcase classname="Tests.GetSingleUserTest" name="getSingleUserTest" time="3.746"/>
  <testcase classname="Tests.UpdateUserTest" name="updateUserTest" time="3.349"/>
  <testcase classname="Tests.GetUsersTest" name="getUsersTest" time="3.376"/>
  <testcase classname="Tests.ListResourcesTest" name="getResourcesList" time="3.466"/>
</testsuite> <!-- All Tests -->
