<?xml version="1.0" encoding="UTF-8"?>
<testsuite xmlns:xsi="http://www.w3.org/2001/XMLSchema-instance" xsi:noNamespaceSchemaLocation="https://maven.apache.org/surefire/maven-surefire-plugin/xsd/surefire-test-report-3.0.xsd" version="3.0" name="TestSuite" time="7.115" tests="2" errors="0" skipped="0" failures="0">
  <properties>
[...]
</properties>
  <testcase name="getSingleUserTest" classname="Tests.GetSingleUserTest" time="3.11">
    <system-out><![CDATA[2026-04-09T16:51:10.643716500Z main ERROR Unable to locate appender "AllureAppender" for logger config "root"
Loaded environment: qa
Request method:	GET
Request URI:	https://reqres.in/api/users/2
Proxy:			<none>
Request params:	<none>
Query params:	<none>
Form params:	<none>
Path params:	<none>
Headers:		x-api-key=reqres_6a55fcc85e5c43ea80cc04fa74753b6e
				Accept=*/*
				Content-Type=application/json
Cookies:		<none>
Multiparts:		<none>
Body:			<none>
HTTP/1.1 200 OK
Date: Thu, 09 Apr 2026 16:51:13 GMT
Content-Type: application/json; charset=utf-8
Transfer-Encoding: chunked
Connection: keep-alive
Access-Control-Allow-Origin: *
Cache-Control: public, max-age=14400, s-maxage=60
cdn-cache-control: max-age=60
Cross-Origin-Opener-Policy: same-origin
Cross-Origin-Resource-Policy: same-origin
etag: W/"308-APPL9XGtuWpWVioqllBYhlwgDYY"
Nel: {"report_to":"heroku-nel","response_headers":["Via"],"max_age":3600,"success_fraction":0.01,"failure_fraction":0.1}
Origin-Agent-Cluster: ?1
Ratelimit-Limit: 20
Ratelimit-Policy: 20;w=60
Ratelimit-Remaining: 19
Ratelimit-Reset: 60
Referrer-Policy: strict-origin-when-cross-origin
Report-To: {"group":"heroku-nel","endpoints":[{"url":"https://nel.heroku.com/reports?s=C%2BpJW5rAiR5e6Yu8MELKdz1d3iFdDATJw3rHu0O3p3k%3D\u0026sid=c4c9725f-1ab0-44d8-820f-430df2718e11\u0026ts=1775753234"}],"max_age":3600}
Reporting-Endpoints: heroku-nel="https://nel.heroku.com/reports?s=C%2BpJW5rAiR5e6Yu8MELKdz1d3iFdDATJw3rHu0O3p3k%3D&sid=c4c9725f-1ab0-44d8-820f-430df2718e11&ts=1775753234"
Server: cloudflare
Strict-Transport-Security: max-age=31536000; includeSubDomains
Via: 1.1 heroku-router
X-Content-Type-Options: nosniff
X-Dns-Prefetch-Control: off
X-Download-Options: noopen
X-Frame-Options: DENY
X-Permitted-Cross-Domain-Policies: none
X-Powered-By: ReqRes.in - Deploy backends in 30 seconds
X-Ratelimit-Limit: 250
X-Ratelimit-Remaining: 228
X-Ratelimit-Reset: 1775779200
X-Reqres-Docs: https://reqres.in
X-Reqres-Message: This API is powered by ReqRes. Deploy your own backend in 30 seconds!
X-Reqres-Templates: https://app.reqres.in/templates
X-Reqres-Tip: Build with your own data, not fixtures - app.reqres.in/dashboard
X-Reqres-Trial: true
X-Reqres-Trial-Days-Remaining: 13
X-Reqres-Trial-Expires: 2026-04-22T09:24:46.676Z
X-Reqres-Upgrade: https://app.reqres.in/upgrade
X-Request-Id: dcdd10b8-8da2-0e4f-4fdb-24702cc69409
X-Robots-Tag: noindex, nofollow
X-Xss-Protection: 0
cf-cache-status: REVALIDATED
Content-Encoding: gzip
CF-RAY: 9e9b03e7aca6f313-BLR

{
    "data": {
        "id": 2,
        "email": "janet.weaver@reqres.in",
        "first_name": "Janet",
        "last_name": "Weaver",
        "avatar": "https://reqres.in/img/faces/2-image.jpg"
    },
    "support": {
        "url": "https://benhowdle.im/first-cto-playbook?utm_source=reqres&utm_medium=json&utm_campaign=referral",
        "text": "Become a better CTO. A playbook of painful stories and practical advice from a two-time startup CTO."
    },
    "_meta": {
        "powered_by": "ReqRes",
        "docs_url": "https://app.reqres.in/documentation",
        "upgrade_url": "https://app.reqres.in/upgrade",
        "example_url": "https://app.reqres.in/examples/notes-app",
        "variant": "v1_b",
        "message": "This is a read-only demo endpoint. Sign up to create your own collections with full CRUD and auth.",
        "cta": {
            "label": "Get started",
            "url": "https://app.reqres.in/upgrade"
        },
        "context": "legacy_success"
    }
}
22:21:14 [main] INFO  utils.AssertionUtils - [ASSERT PASS] Schema validation
]]></system-out>
    <system-err><![CDATA[SLF4J: Failed to load class "org.slf4j.impl.StaticLoggerBinder".
SLF4J: Defaulting to no-operation (NOP) logger implementation
SLF4J: See http://www.slf4j.org/codes.html#StaticLoggerBinder for further details.
]]></system-err>
  </testcase>
  <testcase name="getUsersTest[org.testng.TestRunner@6896ef29](1)" classname="Tests.GetUsersTest" time="1.161">
    <system-out><![CDATA[22:21:14 [main] INFO  Tests.GetUsersTest - Started Get Users Test
Request method:	GET
Request URI:	https://reqres.in/api/users?page=2
Proxy:			<none>
Request params:	<none>
Query params:	page=2
Form params:	<none>
Path params:	<none>
Headers:		x-api-key=reqres_6a55fcc85e5c43ea80cc04fa74753b6e
				Accept=*/*
				Content-Type=application/json
Cookies:		<none>
Multiparts:		<none>
Body:			<none>
HTTP/1.1 200 OK
Date: Thu, 09 Apr 2026 16:51:15 GMT
Content-Type: application/json; charset=utf-8
Transfer-Encoding: chunked
Connection: keep-alive
Access-Control-Allow-Origin: *
Cache-Control: public, max-age=14400, s-maxage=60
cdn-cache-control: max-age=60
Cross-Origin-Opener-Policy: same-origin
Cross-Origin-Resource-Policy: same-origin
etag: W/"5f6-+6NJQG10Gk4CkQ8jUhrGczGADWk"
Nel: {"report_to":"heroku-nel","response_headers":["Via"],"max_age":3600,"success_fraction":0.01,"failure_fraction":0.1}
Origin-Agent-Cluster: ?1
Ratelimit-Limit: 20
Ratelimit-Policy: 20;w=60
Ratelimit-Remaining: 19
Ratelimit-Reset: 60
Referrer-Policy: strict-origin-when-cross-origin
Report-To: {"group":"heroku-nel","endpoints":[{"url":"https://nel.heroku.com/reports?s=fqeEX5%2BZsDJ4ZYib1qUcti6JLfEdk8RJs7ohuXpovRE%3D\u0026sid=c4c9725f-1ab0-44d8-820f-430df2718e11\u0026ts=1775743236"}],"max_age":3600}
Reporting-Endpoints: heroku-nel="https://nel.heroku.com/reports?s=fqeEX5%2BZsDJ4ZYib1qUcti6JLfEdk8RJs7ohuXpovRE%3D&sid=c4c9725f-1ab0-44d8-820f-430df2718e11&ts=1775743236"
Server: cloudflare
Strict-Transport-Security: max-age=31536000; includeSubDomains
Via: 1.1 heroku-router
X-Content-Type-Options: nosniff
X-Dns-Prefetch-Control: off
X-Download-Options: noopen
X-Frame-Options: DENY
X-Permitted-Cross-Domain-Policies: none
X-Powered-By: ReqRes.in - Deploy backends in 30 seconds
X-Ratelimit-Limit: 250
X-Ratelimit-Remaining: 248
X-Ratelimit-Reset: 1775779200
X-Reqres-Docs: https://reqres.in
X-Reqres-Message: This API is powered by ReqRes. Deploy your own backend in 30 seconds!
X-Reqres-Templates: https://app.reqres.in/templates
X-Reqres-Tip: Need more than /api/users? Build custom collections - app.reqres.in/dashboard
X-Reqres-Trial: true
X-Reqres-Trial-Days-Remaining: 2
X-Reqres-Trial-Expires: 2026-04-11T10:42:53.256Z
X-Reqres-Upgrade: https://app.reqres.in/upgrade
X-Request-Id: d725bb11-7d3e-2c6f-1c93-efb18e01b8d0
X-Robots-Tag: noindex, nofollow
X-Xss-Protection: 0
cf-cache-status: REVALIDATED
Content-Encoding: gzip
CF-RAY: 9e9b03f3f9e3d3d4-BLR

{
    "page": 2,
    "per_page": 6,
    "total": 12,
    "total_pages": 2,
    "data": [
        {
            "id": 7,
            "email": "michael.lawson@reqres.in",
            "first_name": "Michael",
            "last_name": "Lawson",
            "avatar": "https://reqres.in/img/faces/7-image.jpg"
        },
        {
            "id": 8,
            "email": "lindsay.ferguson@reqres.in",
            "first_name": "Lindsay",
            "last_name": "Ferguson",
            "avatar": "https://reqres.in/img/faces/8-image.jpg"
        },
        {
            "id": 9,
            "email": "tobias.funke@reqres.in",
            "first_name": "Tobias",
            "last_name": "Funke",
            "avatar": "https://reqres.in/img/faces/9-image.jpg"
        },
        {
            "id": 10,
            "email": "byron.fields@reqres.in",
            "first_name": "Byron",
            "last_name": "Fields",
            "avatar": "https://reqres.in/img/faces/10-image.jpg"
        },
        {
            "id": 11,
            "email": "george.edwards@reqres.in",
            "first_name": "George",
            "last_name": "Edwards",
            "avatar": "https://reqres.in/img/faces/11-image.jpg"
        },
        {
            "id": 12,
            "email": "rachel.howell@reqres.in",
            "first_name": "Rachel",
            "last_name": "Howell",
            "avatar": "https://reqres.in/img/faces/12-image.jpg"
        }
    ],
    "support": {
        "url": "https://benhowdle.im/first-cto-playbook?utm_source=reqres&utm_medium=json&utm_campaign=referral",
        "text": "Become a better CTO. A playbook of painful stories and practical advice from a two-time startup CTO."
    },
    "_meta": {
        "powered_by": "ReqRes",
        "docs_url": "https://app.reqres.in/documentation",
        "upgrade_url": "https://app.reqres.in/upgrade",
        "example_url": "https://app.reqres.in/examples/notes-app",
        "variant": "v1_b",
        "message": "This is a read-only demo endpoint. Sign up to create your own collections with full CRUD and auth.",
        "cta": {
            "label": "Get started",
            "url": "https://app.reqres.in/upgrade"
        },
        "context": "legacy_success"
    }
}
22:21:15 [main] INFO  utils.AssertionUtils - [ASSERT PASS] Page number validation
22:21:15 [main] INFO  utils.AssertionUtils - [ASSERT PASS] Schema validation
22:21:15 [main] INFO  Tests.GetUsersTest - Get Users Test completed
]]></system-out>
  </testcase>
</testsuite>