<?xml version="1.0" encoding="UTF-8"?>
<testng-results ignored="0" total="2" passed="2" failed="0" skipped="0">
  <reporter-output>
  </reporter-output>
  <suite started-at="2026-04-09T22:21:10 IST" name="Reqres Automation Suite" finished-at="2026-04-09T22:21:15 IST" duration-ms="5154">
    <groups>
    </groups>
    <test started-at="2026-04-09T22:21:10 IST" name="All Tests" finished-at="2026-04-09T22:21:15 IST" duration-ms="5154">
      <class name="Tests.GetUsersTest">
        <test-method is-config="true" signature="setup()[pri:0, instance:Tests.GetUsersTest@7f0a133d]" started-at="2026-04-09T22:21:14 IST" name="setup" finished-at="2026-04-09T22:21:14 IST" duration-ms="0" status="PASS">
          <reporter-output>
          </reporter-output>
        </test-method> <!-- setup -->
        <test-method is-config="true" signature="setUp()[pri:0, instance:Tests.GetUsersTest@7f0a133d]" started-at="2026-04-09T22:21:14 IST" name="setUp" finished-at="2026-04-09T22:21:14 IST" duration-ms="0" status="PASS">
          <reporter-output>
          </reporter-output>
        </test-method> <!-- setUp -->
        <test-method signature="getUsersTest(org.testng.ITestContext)[pri:0, instance:Tests.GetUsersTest@7f0a133d]" started-at="2026-04-09T22:21:14 IST" name="getUsersTest" finished-at="2026-04-09T22:21:15 IST" duration-ms="1158" status="PASS">
          <params>
            <param index="0">
              <value>
                <![CDATA[org.testng.TestRunner@6896ef29]]>
              </value>
            </param>
          </params>
          <reporter-output>
          </reporter-output>
        </test-method> <!-- getUsersTest -->
      </class> <!-- Tests.GetUsersTest -->
      <class name="Tests.GetSingleUserTest">
        <test-method is-config="true" signature="setup()[pri:0, instance:Tests.GetSingleUserTest@5f08fe00]" started-at="2026-04-09T22:21:10 IST" name="setup" finished-at="2026-04-09T22:21:11 IST" duration-ms="712" status="PASS">
          <reporter-output>
          </reporter-output>
        </test-method> <!-- setup -->
        <test-method signature="getSingleUserTest()[pri:0, instance:Tests.GetSingleUserTest@5f08fe00]" started-at="2026-04-09T22:21:11 IST" name="getSingleUserTest" finished-at="2026-04-09T22:21:14 IST" duration-ms="3137" status="PASS">
          <reporter-output>
          </reporter-output>
        </test-method> <!-- getSingleUserTest -->
      </class> <!-- Tests.GetSingleUserTest -->
    </test> <!-- All Tests -->
  </suite> <!-- Reqres Automation Suite -->
</testng-results>
