<?xml version="1.0" encoding="UTF-8"?>
<testsuite xmlns:xsi="http://www.w3.org/2001/XMLSchema-instance" xsi:noNamespaceSchemaLocation="https://maven.apache.org/surefire/maven-surefire-plugin/xsd/surefire-test-report-3.0.xsd" version="3.0" name="TestSuite" time="7.091" tests="6" errors="0" skipped="0" failures="0">
  <properties>
[...]
</properties>
  <testcase name="deleteUser[org.testng.TestRunner@5a00df60](1)" classname="Tests.DeleteUserTest" time="1.855">
    <system-out><![CDATA[...
... TestNG 7.9.0 by Cédric Beust (cedric@beust.com)
...

2026-05-05T15:21:49.452318700Z main ERROR Unable to locate appender "AllureAppender" for logger config "root"
Loaded environment: qa
20:51:50 [TestNG-test-All Tests-1] INFO  Tests.DeleteUserTest - Thread: TestNG-test-All Tests-1Thread ID: 25 | Test : deleteUser | Class :DeleteUserTest
20:51:50 [TestNG-test-All Tests-5] INFO  Tests.ListResourcesTest - Thread: TestNG-test-All Tests-5Thread ID: 29 | Test : getResourcesList | Class :ListResourcesTest
20:51:50 [TestNG-test-All Tests-6] INFO  Tests.UpdateUserTest - Thread: TestNG-test-All Tests-6Thread ID: 30 | Test : updateUserTest | Class :UpdateUserTest
20:51:50 [TestNG-test-All Tests-3] INFO  Tests.GetSingleUserTest - Thread: TestNG-test-All Tests-3Thread ID: 27 | Test : getSingleUserTest | Class :GetSingleUserTest
20:51:50 [TestNG-test-All Tests-2] INFO  Tests.GenericResourceTest - Thread: TestNG-test-All Tests-2Thread ID: 26 | Test : getGenericResource | Class :GenericResourceTest
20:51:50 [TestNG-test-All Tests-4] INFO  Tests.GetUsersTest - Thread: TestNG-test-All Tests-4Thread ID: 28 | Test : getUsersTest | Class :GetUsersTest
20:51:51 [TestNG-test-All Tests-4] INFO  Tests.GetUsersTest - Started Get Users Test
20:51:51 [TestNG-test-All Tests-5] INFO  Tests.ListResourcesTest - Started List resources Test
20:51:51 [TestNG-test-All Tests-2] INFO  Tests.GenericResourceTest - Generic resource test started
Request method:	GET
Request URI:	https://reqres.in/api/users?page=2
Proxy:			<none>
Request params:	<none>
Query params:	page=2
Form params:	<none>
Path params:	<none>
Headers:		x-api-key=reqres_6a55fcc85e5c43ea80cc04fa74753b6e
				Accept=*/*
				Content-Type=application/json
Cookies:		<none>
Multiparts:		<none>
Body:			<none>
Request method:	DELETE
Request URI:	https://reqres.in/api/users/2
Proxy:			<none>
Request params:	<none>
Query params:	<none>
Form params:	<none>
Path params:	<none>
Headers:		x-api-key=reqres_6a55fcc85e5c43ea80cc04fa74753b6e
				Accept=*/*
				Content-Type=application/json
Cookies:		<none>
Multiparts:		<none>
Body:			<none>
Request method:	GET
Request URI:	https://reqres.in/api/unknown
Proxy:			<none>
Request params:	<none>
Query params:	<none>
Form params:	<none>
Path params:	<none>
Headers:		x-api-key=reqres_6a55fcc85e5c43ea80cc04fa74753b6e
				Accept=*/*
				Content-Type=application/json
Cookies:		<none>
Multiparts:		<none>
Body:			<none>
Request method:	GET
Request URI:	https://reqres.in/api/products?page=1
Proxy:			<none>
Request params:	<none>
Query params:	page=1
Form params:	<none>
Path params:	<none>
Headers:		x-api-key=reqres_6a55fcc85e5c43ea80cc04fa74753b6e
				Accept=*/*
				Content-Type=application/json
Cookies:		<none>
Multiparts:		<none>
Body:			<none>
Request method:	GET
Request URI:	https://reqres.in/api/users/2
Proxy:			<none>
Request params:	<none>
Query params:	<none>
Form params:	<none>
Path params:	<none>
Headers:		x-api-key=reqres_6a55fcc85e5c43ea80cc04fa74753b6e
				Accept=*/*
				Content-Type=application/json
Cookies:		<none>
Multiparts:		<none>
Body:			<none>
Request method:	PUT
Request URI:	https://reqres.in/api/users/2
Proxy:			<none>
Request params:	<none>
Query params:	<none>
Form params:	<none>
Path params:	<none>
Headers:		x-api-key=reqres_6a55fcc85e5c43ea80cc04fa74753b6e
				Accept=*/*
				Content-Type=application/json
Cookies:		<none>
Multiparts:		<none>
Body:
{
    "name": "krishna",
    "job": "scholar"
}
HTTP/1.1 200 OK
Date: Tue, 05 May 2026 15:21:53 GMT
Content-Type: application/json; charset=utf-8
Transfer-Encoding: chunked
Connection: keep-alive
Access-Control-Allow-Origin: *
Cache-Control: no-store
Cross-Origin-Opener-Policy: same-origin
Cross-Origin-Resource-Policy: same-origin
Etag: W/"1e0-dPK7dciUVcbF7Sgklzb7dEPnqNQ"
Nel: {"report_to":"heroku-nel","response_headers":["Via"],"max_age":3600,"success_fraction":0.01,"failure_fraction":0.1}
Origin-Agent-Cluster: ?1
Ratelimit-Limit: 20
Ratelimit-Policy: 20;w=60
Ratelimit-Remaining: 19
Ratelimit-Reset: 60
Referrer-Policy: strict-origin-when-cross-origin
Report-To: {"group":"heroku-nel","endpoints":[{"url":"https://nel.heroku.com/reports?s=9ukipZ0tCjoFMZKI3BrX1HadVgwGvdAwwSEsFeEuLsM%3D\u0026sid=c4c9725f-1ab0-44d8-820f-430df2718e11\u0026ts=1777994513"}],"max_age":3600}
Reporting-Endpoints: heroku-nel="https://nel.heroku.com/reports?s=9ukipZ0tCjoFMZKI3BrX1HadVgwGvdAwwSEsFeEuLsM%3D&sid=c4c9725f-1ab0-44d8-820f-430df2718e11&ts=1777994513"
Server: cloudflare
Strict-Transport-Security: max-age=31536000; includeSubDomains
Via: 1.1 heroku-router
X-Content-Type-Options: nosniff
X-Dns-Prefetch-Control: off
X-Download-Options: noopen
X-Frame-Options: DENY
X-Permitted-Cross-Domain-Policies: none
X-Powered-By: ReqRes.in - Deploy backends in 30 seconds
X-Ratelimit-Limit: 250
X-Ratelimit-Remaining: 243
X-Ratelimit-Reset: 1778025600
X-Reqres-Docs: https://reqres.in
X-Reqres-Message: This API is powered by ReqRes. Deploy your own backend in 30 seconds!
X-Reqres-Templates: https://app.reqres.in/templates
X-Reqres-Tip: Add real user auth to your app with magic codes - reqres.in/docs
X-Reqres-Trial: true
X-Reqres-Trial-Days-Remaining: 0
X-Reqres-Trial-Expires: 2026-04-11T10:42:53.256Z
X-Reqres-Upgrade: https://app.reqres.in/upgrade
X-Request-Id: 2e8c01ba-95a4-8534-4c31-cd4bd3f9e857
X-Robots-Tag: noindex, nofollow
X-Xss-Protection: 0
cf-cache-status: DYNAMIC
Content-Encoding: gzip
CF-RAY: 9f70bccceaeb7f10-MAA

{
    "name": "krishna",
    "job": "scholar",
    "updatedAt": "2026-05-05T15:21:53.535Z",
    "_meta": {
        "powered_by": "ReqRes",
        "docs_url": "https://app.reqres.in/documentation",
        "upgrade_url": "https://app.reqres.in/upgrade",
        "example_url": "https://app.reqres.in/examples/notes-app",
        "variant": "v1_b",
        "message": "This is a read-only demo endpoint. Sign up to create your own collections with full CRUD and auth.",
        "cta": {
            "label": "Get started",
            "url": "https://app.reqres.in/upgrade"
        },
        "context": "legacy_success"
    }
}
HTTP/1.1 200 OK
Date: Tue, 05 May 2026 15:21:53 GMT
Content-Type: application/json; charset=utf-8
Transfer-Encoding: chunked
Connection: keep-alive
Access-Control-Allow-Origin: *
Cache-Control: public, max-age=14400, s-maxage=60
cdn-cache-control: max-age=60
Cross-Origin-Opener-Policy: same-origin
Cross-Origin-Resource-Policy: same-origin
etag: W/"308-APPL9XGtuWpWVioqllBYhlwgDYY"
Nel: {"report_to":"heroku-nel","response_headers":["Via"],"max_age":3600,"success_fraction":0.01,"failure_fraction":0.1}
Origin-Agent-Cluster: ?1
Ratelimit-Limit: 20
Ratelimit-Policy: 20;w=60
Ratelimit-Remaining: 19
Ratelimit-Reset: 60
Referrer-Policy: strict-origin-when-cross-origin
Report-To: {"group":"heroku-nel","endpoints":[{"url":"https://nel.heroku.com/reports?s=GHCTkvvgkVcWol0Fe91BslKF7U38zNlBWtIqXlDZ634%3D\u0026sid=c4c9725f-1ab0-44d8-820f-430df2718e11\u0026ts=1777994388"}],"max_age":3600}
Reporting-Endpoints: heroku-nel="https://nel.heroku.com/reports?s=GHCTkvvgkVcWol0Fe91BslKF7U38zNlBWtIqXlDZ634%3D&sid=c4c9725f-1ab0-44d8-820f-430df2718e11&ts=1777994388"
Server: cloudflare
Strict-Transport-Security: max-age=31536000; includeSubDomains
Via: 1.1 heroku-router
X-Content-Type-Options: nosniff
X-Dns-Prefetch-Control: off
X-Download-Options: noopen
X-Frame-Options: DENY
X-Permitted-Cross-Domain-Policies: none
X-Powered-By: ReqRes.in - Deploy backends in 30 seconds
X-Ratelimit-Limit: 250
X-Ratelimit-Remaining: 248
X-Ratelimit-Reset: 1778025600
X-Reqres-Docs: https://reqres.in
X-Reqres-Message: This API is powered by ReqRes. Deploy your own backend in 30 seconds!
X-Reqres-Templates: https://app.reqres.in/templates
X-Reqres-Tip: Build with your own data, not fixtures - app.reqres.in/dashboard
X-Reqres-Trial: true
X-Reqres-Trial-Days-Remaining: 0
X-Reqres-Trial-Expires: 2026-04-11T10:42:53.256Z
X-Reqres-Upgrade: https://app.reqres.in/upgrade
X-Request-Id: aba6005d-6a98-6b4c-9716-7cbc39baa6c1
X-Robots-Tag: noindex, nofollow
X-Xss-Protection: 0
cf-cache-status: REVALIDATED
Content-Encoding: gzip
CF-RAY: 9f70bcccea9e7e72-MAA

{
    "data": {
        "id": 2,
        "email": "janet.weaver@reqres.in",
        "first_name": "Janet",
        "last_name": "Weaver",
        "avatar": "https://reqres.in/img/faces/2-image.jpg"
    },
    "support": {
        "url": "https://benhowdle.im/first-cto-playbook?utm_source=reqres&utm_medium=json&utm_campaign=referral",
        "text": "Become a better CTO. A playbook of painful stories and practical advice from a two-time startup CTO."
    },
    "_meta": {
        "powered_by": "ReqRes",
        "docs_url": "https://app.reqres.in/documentation",
        "upgrade_url": "https://app.reqres.in/upgrade",
        "example_url": "https://app.reqres.in/examples/notes-app",
        "variant": "v1_b",
        "message": "This is a read-only demo endpoint. Sign up to create your own collections with full CRUD and auth.",
        "cta": {
            "label": "Get started",
            "url": "https://app.reqres.in/upgrade"
        },
        "context": "legacy_success"
    }
}
HTTP/1.1 204 No Content
Date: Tue, 05 May 2026 15:21:53 GMT
Connection: keep-alive
Access-Control-Allow-Origin: *
Cache-Control: no-store
Cross-Origin-Opener-Policy: same-origin
Cross-Origin-Resource-Policy: same-origin
Etag: W/"2-vyGp6PvFo4RvsFtPoIWeCReyIC8"
Nel: {"report_to":"heroku-nel","response_headers":["Via"],"max_age":3600,"success_fraction":0.01,"failure_fraction":0.1}
Origin-Agent-Cluster: ?1
Ratelimit-Limit: 20
Ratelimit-Policy: 20;w=60
Ratelimit-Remaining: 19
Ratelimit-Reset: 60
Referrer-Policy: strict-origin-when-cross-origin
Report-To: {"group":"heroku-nel","endpoints":[{"url":"https://nel.heroku.com/reports?s=9ukipZ0tCjoFMZKI3BrX1HadVgwGvdAwwSEsFeEuLsM%3D\u0026sid=c4c9725f-1ab0-44d8-820f-430df2718e11\u0026ts=1777994513"}],"max_age":3600}
Reporting-Endpoints: heroku-nel="https://nel.heroku.com/reports?s=9ukipZ0tCjoFMZKI3BrX1HadVgwGvdAwwSEsFeEuLsM%3D&sid=c4c9725f-1ab0-44d8-820f-430df2718e11&ts=1777994513"
Server: cloudflare
Strict-Transport-Security: max-age=31536000; includeSubDomains
Via: 1.1 heroku-router
X-Content-Type-Options: nosniff
X-Dns-Prefetch-Control: off
X-Download-Options: noopen
X-Frame-Options: DENY
X-Permitted-Cross-Domain-Policies: none
X-Powered-By: ReqRes.in - Deploy backends in 30 seconds
X-Ratelimit-Limit: 250
X-Ratelimit-Remaining: 241
X-Ratelimit-Reset: 1778025600
X-Reqres-Docs: https://reqres.in
X-Reqres-Message: This API is powered by ReqRes. Deploy your own backend in 30 seconds!
X-Reqres-Templates: https://app.reqres.in/templates
X-Reqres-Tip: Build with your own data, not fixtures - app.reqres.in/dashboard
X-Reqres-Trial: true
X-Reqres-Trial-Days-Remaining: 0
X-Reqres-Trial-Expires: 2026-04-11T10:42:53.256Z
X-Reqres-Upgrade: https://app.reqres.in/upgrade
X-Request-Id: c210f93a-7af1-c134-56a1-49af3b3a431e
X-Robots-Tag: noindex, nofollow
X-Xss-Protection: 0
cf-cache-status: DYNAMIC
CF-RAY: 9f70bccce8ea2f6d-MAA
HTTP/1.1 200 OK
Date: Tue, 05 May 2026 15:21:53 GMT
Content-Type: application/json; charset=utf-8
Transfer-Encoding: chunked
Connection: keep-alive
Access-Control-Allow-Origin: *
Cache-Control: public, max-age=14400, s-maxage=60
Cdn-Cache-Control: max-age=60
Cross-Origin-Opener-Policy: same-origin
Cross-Origin-Resource-Policy: same-origin
Etag: W/"5f6-+6NJQG10Gk4CkQ8jUhrGczGADWk"
Nel: {"report_to":"heroku-nel","response_headers":["Via"],"max_age":3600,"success_fraction":0.01,"failure_fraction":0.1}
Origin-Agent-Cluster: ?1
Ratelimit-Limit: 20
Ratelimit-Policy: 20;w=60
Ratelimit-Remaining: 19
Ratelimit-Reset: 60
Referrer-Policy: strict-origin-when-cross-origin
Report-To: {"group":"heroku-nel","endpoints":[{"url":"https://nel.heroku.com/reports?s=9ukipZ0tCjoFMZKI3BrX1HadVgwGvdAwwSEsFeEuLsM%3D\u0026sid=c4c9725f-1ab0-44d8-820f-430df2718e11\u0026ts=1777994513"}],"max_age":3600}
Reporting-Endpoints: heroku-nel="https://nel.heroku.com/reports?s=9ukipZ0tCjoFMZKI3BrX1HadVgwGvdAwwSEsFeEuLsM%3D&sid=c4c9725f-1ab0-44d8-820f-430df2718e11&ts=1777994513"
Server: cloudflare
Strict-Transport-Security: max-age=31536000; includeSubDomains
Via: 1.1 heroku-router
X-Content-Type-Options: nosniff
X-Dns-Prefetch-Control: off
X-Download-Options: noopen
X-Frame-Options: DENY
X-Permitted-Cross-Domain-Policies: none
X-Powered-By: ReqRes.in - Deploy backends in 30 seconds
X-Ratelimit-Limit: 250
X-Ratelimit-Remaining: 240
X-Ratelimit-Reset: 1778025600
X-Reqres-Docs: https://reqres.in
X-Reqres-Message: This API is powered by ReqRes. Deploy your own backend in 30 seconds!
X-Reqres-Templates: https://app.reqres.in/templates
X-Reqres-Tip: Create your own backend with persistent data - app.reqres.in/dashboard
X-Reqres-Trial: true
X-Reqres-Trial-Days-Remaining: 0
X-Reqres-Trial-Expires: 2026-04-11T10:42:53.256Z
X-Reqres-Upgrade: https://app.reqres.in/upgrade
X-Request-Id: aa6b80db-da18-a833-796f-1e60ce7b65c5
X-Robots-Tag: noindex, nofollow
X-Xss-Protection: 0
cf-cache-status: MISS
Content-Encoding: gzip
CF-RAY: 9f70bccce8799d73-MAA

{
    "page": 2,
    "per_page": 6,
    "total": 12,
    "total_pages": 2,
    "data": [
        {
            "id": 7,
            "email": "michael.lawson@reqres.in",
            "first_name": "Michael",
            "last_name": "Lawson",
            "avatar": "https://reqres.in/img/faces/7-image.jpg"
        },
        {
            "id": 8,
            "email": "lindsay.ferguson@reqres.in",
            "first_name": "Lindsay",
            "last_name": "Ferguson",
            "avatar": "https://reqres.in/img/faces/8-image.jpg"
        },
        {
            "id": 9,
            "email": "tobias.funke@reqres.in",
            "first_name": "Tobias",
            "last_name": "Funke",
            "avatar": "https://reqres.in/img/faces/9-image.jpg"
        },
        {
            "id": 10,
            "email": "byron.fields@reqres.in",
            "first_name": "Byron",
            "last_name": "Fields",
            "avatar": "https://reqres.in/img/faces/10-image.jpg"
        },
        {
            "id": 11,
            "email": "george.edwards@reqres.in",
            "first_name": "George",
            "last_name": "Edwards",
            "avatar": "https://reqres.in/img/faces/11-image.jpg"
        },
        {
            "id": 12,
            "email": "rachel.howell@reqres.in",
            "first_name": "Rachel",
            "last_name": "Howell",
            "avatar": "https://reqres.in/img/faces/12-image.jpg"
        }
    ],
    "support": {
        "url": "https://benhowdle.im/first-cto-playbook?utm_source=reqres&utm_medium=json&utm_campaign=referral",
        "text": "Become a better CTO. A playbook of painful stories and practical advice from a two-time startup CTO."
    },
    "_meta": {
        "powered_by": "ReqRes",
        "docs_url": "https://app.reqres.in/documentation",
        "upgrade_url": "https://app.reqres.in/upgrade",
        "example_url": "https://app.reqres.in/examples/notes-app",
        "variant": "v1_b",
        "message": "This is a read-only demo endpoint. Sign up to create your own collections with full CRUD and auth.",
        "cta": {
            "label": "Get started",
            "url": "https://app.reqres.in/upgrade"
        },
        "context": "legacy_success"
    }
}
]]></system-out>
    <system-err><![CDATA[SLF4J: Failed to load class "org.slf4j.impl.StaticLoggerBinder".
SLF4J: Defaulting to no-operation (NOP) logger implementation
SLF4J: See http://www.slf4j.org/codes.html#StaticLoggerBinder for further details.
]]></system-err>
  </testcase>
  <testcase name="getGenericResource[org.testng.TestRunner@5a00df60](1)" classname="Tests.GenericResourceTest" time="2.485">
    <system-out><![CDATA[20:51:53 [TestNG-test-All Tests-1] INFO  Tests.DeleteUserTest - Thread ID: 25 | Completed Test: deleteUser
HTTP/1.1 200 OK
Date: Tue, 05 May 2026 15:21:53 GMT
Content-Type: application/json; charset=utf-8
Transfer-Encoding: chunked
Connection: keep-alive
Access-Control-Allow-Origin: *
Cache-Control: public, max-age=14400, s-maxage=60
cdn-cache-control: max-age=60
Cross-Origin-Opener-Policy: same-origin
Cross-Origin-Resource-Policy: same-origin
etag: W/"31a-vwdS/I5yrxrHBhOuKdrxcchUsO0"
Nel: {"report_to":"heroku-nel","response_headers":["Via"],"max_age":3600,"success_fraction":0.01,"failure_fraction":0.1}
Origin-Agent-Cluster: ?1
Ratelimit-Limit: 100
Ratelimit-Policy: 100;w=60
Ratelimit-Remaining: 99
Ratelimit-Reset: 60
Referrer-Policy: strict-origin-when-cross-origin
Report-To: {"group":"heroku-nel","endpoints":[{"url":"https://nel.heroku.com/reports?s=GHCTkvvgkVcWol0Fe91BslKF7U38zNlBWtIqXlDZ634%3D\u0026sid=c4c9725f-1ab0-44d8-820f-430df2718e11\u0026ts=1777994388"}],"max_age":3600}
Reporting-Endpoints: heroku-nel="https://nel.heroku.com/reports?s=GHCTkvvgkVcWol0Fe91BslKF7U38zNlBWtIqXlDZ634%3D&sid=c4c9725f-1ab0-44d8-820f-430df2718e11&ts=1777994388"
Server: cloudflare
Strict-Transport-Security: max-age=31536000; includeSubDomains
Via: 1.1 heroku-router
X-Content-Type-Options: nosniff
X-Dns-Prefetch-Control: off
X-Download-Options: noopen
X-Frame-Options: DENY
X-Permitted-Cross-Domain-Policies: none
X-Powered-By: ReqRes.in - Deploy backends in 30 seconds
X-Ratelimit-Limit: 250
X-Ratelimit-Remaining: 245
X-Ratelimit-Reset: 1778025600
X-Reqres-Docs: https://reqres.in
X-Reqres-Message: This API is powered by ReqRes. Deploy your own backend in 30 seconds!
X-Reqres-Templates: https://app.reqres.in/templates
X-Reqres-Tip: Generate a complete backend from a description - app.reqres.in/dashboard
X-Reqres-Trial: true
X-Reqres-Trial-Days-Remaining: 0
X-Reqres-Trial-Expires: 2026-04-11T10:42:53.256Z
X-Reqres-Upgrade: https://app.reqres.in/upgrade
X-Request-Id: 6c8d24a9-bbc3-345d-a44f-4caf4d99fd19
X-Robots-Tag: noindex, nofollow
X-Xss-Protection: 0
cf-cache-status: REVALIDATED
Content-Encoding: gzip
CF-RAY: 9f70bcccece1f56a-MAA

{
    "page": 1,
    "per_page": 6,
    "total": 12,
    "total_pages": 2,
    "data": [
        {
            "id": 1,
            "name": "cerulean",
            "year": 2000,
            "color": "#98B2D1",
            "pantone_value": "15-4020"
        },
        {
            "id": 2,
            "name": "fuchsia rose",
            "year": 2001,
            "color": "#C74375",
            "pantone_value": "17-2031"
        },
        {
            "id": 3,
            "name": "true red",
            "year": 2002,
            "color": "#BF1932",
            "pantone_value": "19-1664"
        },
        {
            "id": 4,
            "name": "aqua sky",
            "year": 2003,
            "color": "#7BC4C4",
            "pantone_value": "14-4811"
        },
        {
            "id": 5,
            "name": "tigerlily",
            "year": 2004,
            "color": "#E2583E",
            "pantone_value": "17-1456"
        },
        {
            "id": 6,
            "name": "blue turquoise",
            "year": 2005,
            "color": "#53B0AE",
            "pantone_value": "15-5217"
        }
    ],
    "support": {
        "url": "https://benhowdle.im/first-cto-playbook?utm_source=reqres&utm_medium=json&utm_campaign=referral",
        "text": "Become a better CTO. A playbook of painful stories and practical advice from a two-time startup CTO."
    }
}
HTTP/1.1 200 OK
Date: Tue, 05 May 2026 15:21:53 GMT
Content-Type: application/json; charset=utf-8
Transfer-Encoding: chunked
Connection: keep-alive
Access-Control-Allow-Origin: *
Cache-Control: public, max-age=14400, s-maxage=60
cdn-cache-control: max-age=60
Cross-Origin-Opener-Policy: same-origin
Cross-Origin-Resource-Policy: same-origin
etag: W/"4b1-D79Npu3rO5vZ45CAo83sR+/Z2Y0"
Nel: {"report_to":"heroku-nel","response_headers":["Via"],"max_age":3600,"success_fraction":0.01,"failure_fraction":0.1}
Origin-Agent-Cluster: ?1
Ratelimit-Limit: 100
Ratelimit-Policy: 100;w=60
Ratelimit-Remaining: 99
Ratelimit-Reset: 60
Referrer-Policy: strict-origin-when-cross-origin
Report-To: {"group":"heroku-nel","endpoints":[{"url":"https://nel.heroku.com/reports?s=GHCTkvvgkVcWol0Fe91BslKF7U38zNlBWtIqXlDZ634%3D\u0026sid=c4c9725f-1ab0-44d8-820f-430df2718e11\u0026ts=1777994388"}],"max_age":3600}
Reporting-Endpoints: heroku-nel="https://nel.heroku.com/reports?s=GHCTkvvgkVcWol0Fe91BslKF7U38zNlBWtIqXlDZ634%3D&sid=c4c9725f-1ab0-44d8-820f-430df2718e11&ts=1777994388"
Server: cloudflare
Strict-Transport-Security: max-age=31536000; includeSubDomains
Via: 1.1 heroku-router
X-Content-Type-Options: nosniff
X-Dns-Prefetch-Control: off
X-Download-Options: noopen
X-Frame-Options: DENY
X-Permitted-Cross-Domain-Policies: none
X-Powered-By: ReqRes.in - Deploy backends in 30 seconds
X-Ratelimit-Limit: 250
X-Ratelimit-Remaining: 244
X-Ratelimit-Reset: 1778025600
X-Reqres-Docs: https://reqres.in
X-Reqres-Message: This API is powered by ReqRes. Deploy your own backend in 30 seconds!
X-Reqres-Templates: https://app.reqres.in/templates
X-Reqres-Tip: Build with your own data, not fixtures - app.reqres.in/dashboard
X-Reqres-Trial: true
X-Reqres-Trial-Days-Remaining: 0
X-Reqres-Trial-Expires: 2026-04-11T10:42:53.256Z
X-Reqres-Upgrade: https://app.reqres.in/upgrade
X-Request-Id: eed8d791-9e4d-8bb9-e638-3aedd65628e6
X-Robots-Tag: noindex, nofollow
X-Xss-Protection: 0
cf-cache-status: REVALIDATED
Content-Encoding: gzip
CF-RAY: 9f70bccce9f5285b-MAA

{
    "page": 1,
    "per_page": 6,
    "total": 12,
    "total_pages": 2,
    "data": [
        {
            "id": 1,
            "name": "cerulean",
            "year": 2000,
            "color": "#98B2D1",
            "pantone_value": "15-4020"
        },
        {
            "id": 2,
            "name": "fuchsia rose",
            "year": 2001,
            "color": "#C74375",
            "pantone_value": "17-2031"
        },
        {
            "id": 3,
            "name": "true red",
            "year": 2002,
            "color": "#BF1932",
            "pantone_value": "19-1664"
        },
        {
            "id": 4,
            "name": "aqua sky",
            "year": 2003,
            "color": "#7BC4C4",
            "pantone_value": "14-4811"
        },
        {
            "id": 5,
            "name": "tigerlily",
            "year": 2004,
            "color": "#E2583E",
            "pantone_value": "17-1456"
        },
        {
            "id": 6,
            "name": "blue turquoise",
            "year": 2005,
            "color": "#53B0AE",
            "pantone_value": "15-5217"
        }
    ],
    "support": {
        "url": "https://benhowdle.im/first-cto-playbook?utm_source=reqres&utm_medium=json&utm_campaign=referral",
        "text": "Become a better CTO. A playbook of painful stories and practical advice from a two-time startup CTO."
    },
    "_meta": {
        "powered_by": "ReqRes",
        "docs_url": "https://app.reqres.in/documentation",
        "upgrade_url": "https://app.reqres.in/upgrade",
        "example_url": "https://app.reqres.in/examples/notes-app",
        "variant": "v1_b",
        "message": "This is a read-only demo endpoint. Sign up to create your own collections with full CRUD and auth.",
        "cta": {
            "label": "Get started",
            "url": "https://app.reqres.in/upgrade"
        },
        "context": "legacy_success"
    }
}
20:51:53 [TestNG-test-All Tests-4] INFO  utils.AssertionUtils - [ASSERT PASS] Page number validation
20:51:53 [TestNG-test-All Tests-2] INFO  utils.AssertionUtils - [ASSERT PASS] Generic resource schema validation
]]></system-out>
  </testcase>
  <testcase name="getSingleUserTest" classname="Tests.GetSingleUserTest" time="2.745">
    <system-out><![CDATA[20:51:53 [TestNG-test-All Tests-5] INFO  utils.AssertionUtils - [ASSERT PASS] List resources schema validation
20:51:53 [TestNG-test-All Tests-5] INFO  utils.AssertionUtils - [ASSERT PASS] validation of data list not empty in resources list
20:51:53 [TestNG-test-All Tests-2] INFO  Tests.GenericResourceTest - Thread ID: 26 | Completed Test: getGenericResource
20:51:53 [TestNG-test-All Tests-6] INFO  utils.AssertionUtils - [ASSERT PASS] Update user schema validation
20:51:53 [TestNG-test-All Tests-6] INFO  utils.AssertionUtils - [ASSERT PASS] Updated user validation
20:51:54 [TestNG-test-All Tests-3] INFO  utils.AssertionUtils - [ASSERT PASS] Schema validation
]]></system-out>
  </testcase>
  <testcase name="updateUserTest[org.testng.TestRunner@5a00df60](1)" classname="Tests.UpdateUserTest" time="2.999">
    <system-out><![CDATA[20:51:54 [TestNG-test-All Tests-3] INFO  Tests.GetSingleUserTest - Thread ID: 27 | Completed Test: getSingleUserTest
20:51:54 [TestNG-test-All Tests-6] INFO  utils.AssertionUtils - [ASSERT PASS] Updated job validation
]]></system-out>
  </testcase>
  <testcase name="getUsersTest[org.testng.TestRunner@5a00df60](1)" classname="Tests.GetUsersTest" time="3.017">
    <system-out><![CDATA[20:51:54 [TestNG-test-All Tests-6] INFO  Tests.UpdateUserTest - Thread ID: 30 | Completed Test: updateUserTest
20:51:54 [TestNG-test-All Tests-4] INFO  utils.AssertionUtils - [ASSERT PASS] Schema validation
20:51:54 [TestNG-test-All Tests-4] INFO  Tests.GetUsersTest - Get Users Test completed
]]></system-out>
  </testcase>
  <testcase name="getResourcesList[org.testng.TestRunner@5a00df60](1)" classname="Tests.ListResourcesTest" time="3.099">
    <system-out><![CDATA[20:51:54 [TestNG-test-All Tests-4] INFO  Tests.GetUsersTest - Thread ID: 28 | Completed Test: getUsersTest
20:51:54 [TestNG-test-All Tests-5] INFO  utils.AssertionUtils - [ASSERT PASS] response data validation
20:51:54 [TestNG-test-All Tests-5] INFO  Tests.ListResourcesTest - Get Users Test completed
]]></system-out>
  </testcase>
</testsuite>