<?xml version="1.0" encoding="UTF-8"?>
<!-- Generated by org.testng.reporters.JUnitXMLReporter -->
<testsuite ignored="0" hostname="LAPTOP-7QQ08I2C" failures="0" tests="6" name="All Tests" time="4.847" errors="0" timestamp="2026-05-05T20:51:54 IST">
  <testcase classname="Tests.DeleteUserTest" name="deleteUser" time="1.857"/>
  <testcase classname="Tests.GenericResourceTest" name="getGenericResource" time="2.498"/>
  <testcase classname="Tests.GetSingleUserTest" name="getSingleUserTest" time="3.336"/>
  <testcase classname="Tests.UpdateUserTest" name="updateUserTest" time="3.008"/>
  <testcase classname="Tests.GetUsersTest" name="getUsersTest" time="3.029"/>
  <testcase classname="Tests.ListResourcesTest" name="getResourcesList" time="3.114"/>
</testsuite> <!-- All Tests -->
